<?xml version="1.0" encoding="UTF-8"?>
<!-- Generated by org.testng.reporters.JUnitReportReporter -->
<testsuite skipped="0" hostname="DeviManikandan" name="TestCase.AccountCreation" tests="8" failures="0" timestamp="21 Feb 2017 02:42:28 GMT" time="0.091" errors="0">
  <testcase name="LoginEbbs" time="0.072" classname="TestCase.AccountCreation"/>
  <testcase name="CreateAcct" time="0.001" classname="TestCase.AccountCreation"/>
  <testcase name="LoginEbbs" time="0.002" classname="TestCase.AccountCreation"/>
  <testcase name="CreateRel" time="0.003" classname="TestCase.AccountCreation"/>
  <testcase name="CreateMast" time="0.002" classname="TestCase.AccountCreation"/>
  <testcase name="CreateAcct" time="0.003" classname="TestCase.AccountCreation"/>
  <testcase name="CreateMast" time="0.006" classname="TestCase.AccountCreation"/>
  <testcase name="CreateRel" time="0.002" classname="TestCase.AccountCreation"/>
</testsuite> <!-- TestCase.AccountCreation -->
